<?xml version="1.0" encoding="UTF-8"?>
<testsuite name="Search pokemon Pikachu on Bulbapedia" tests="15" skipped="2" failures="2" errors="0" timestamp="2020-04-29T09:02:47" hostname="Zakis-MacBook-Pro.local" time="256.396">
  <properties/>
  <testcase name="User open bulbapedia home page" classname="Search pokemon Pikachu on Bulbapedia" time="4.927"/>
  <testcase name="User input pokemon &quot;Pikachu&quot; on the search field" classname="Search pokemon Pikachu on Bulbapedia" time="64.683"/>
  <testcase name="User see pokemon named &quot;Pikachu&quot; on bulbapedia article page" classname="Search pokemon Pikachu on Bulbapedia" time="24.442"/>
  <testcase name="User see pokemon number &quot;#025&quot; on bulbapedia article" classname="Search pokemon Pikachu on Bulbapedia" time="0.327"/>
  <testcase name="classMethod" classname="Search pokemon Pikachu on Bulbapedia" time="97.372"/>
  <testcase name="User open bulbapedia home page" classname="Search pokemon Pikachu on Bulbapedia" time="22.308"/>
  <testcase name="User input pokemon &quot;Charizard&quot; on the search field" classname="Search pokemon Pikachu on Bulbapedia" time="5.152">
    <failure message="org.openqa.selenium.ElementNotInteractableException: element not interactable&#10;  (Session info: chrome=81.0.4044.129)&#10;Build info: version: '3.141.59', revision: 'e82be7d358', time: '2018-11-14T08:17:03'&#10;System info: host: 'Zakis-MacBook-Pro.local', ip: 'fe80:0:0:0:149a:c6f8:f842:c174%en0', os.name: 'Mac OS X', os.arch: 'x86_64', os.version: '10.15.4', java.version: '1.8.0_251'&#10;Driver info: org.openqa.selenium.chrome.ChromeDriver&#10;Capabilities {acceptInsecureCerts: false, browserName: chrome, browserVersion: 81.0.4044.129, chrome: {chromedriverVersion: 81.0.4044.69 (6813546031a4b..., userDataDir: /var/folders/qq/ndm4q76j4p3...}, goog:chromeOptions: {debuggerAddress: localhost:60781}, javascriptEnabled: true, networkConnectionEnabled: false, pageLoadStrategy: normal, platform: MAC, platformName: MAC, proxy: Proxy(), setWindowRect: true, strictFileInteractability: false, timeouts: {implicit: 0, pageLoad: 300000, script: 30000}, unhandledPromptBehavior: dismiss and notify, webauthn:virtualAuthenticators: true}&#10;Session ID: d23d9a0398706b8c8b1c93afc3a0af9c" type="org.openqa.selenium.ElementNotInteractableException">org.openqa.selenium.ElementNotInteractableException: element not interactable
  (Session info: chrome=81.0.4044.129)
Build info: version: '3.141.59', revision: 'e82be7d358', time: '2018-11-14T08:17:03'
System info: host: 'Zakis-MacBook-Pro.local', ip: 'fe80:0:0:0:149a:c6f8:f842:c174%en0', os.name: 'Mac OS X', os.arch: 'x86_64', os.version: '10.15.4', java.version: '1.8.0_251'
Driver info: org.openqa.selenium.chrome.ChromeDriver
Capabilities {acceptInsecureCerts: false, browserName: chrome, browserVersion: 81.0.4044.129, chrome: {chromedriverVersion: 81.0.4044.69 (6813546031a4b..., userDataDir: /var/folders/qq/ndm4q76j4p3...}, goog:chromeOptions: {debuggerAddress: localhost:60781}, javascriptEnabled: true, networkConnectionEnabled: false, pageLoadStrategy: normal, platform: MAC, platformName: MAC, proxy: Proxy(), setWindowRect: true, strictFileInteractability: false, timeouts: {implicit: 0, pageLoad: 300000, script: 30000}, unhandledPromptBehavior: dismiss and notify, webauthn:virtualAuthenticators: true}
Session ID: d23d9a0398706b8c8b1c93afc3a0af9c
	at sun.reflect.NativeConstructorAccessorImpl.newInstance0(Native Method)
	at sun.reflect.NativeConstructorAccessorImpl.newInstance(NativeConstructorAccessorImpl.java:62)
	at sun.reflect.DelegatingConstructorAccessorImpl.newInstance(DelegatingConstructorAccessorImpl.java:45)
	at java.lang.reflect.Constructor.newInstance(Constructor.java:423)
	at org.openqa.selenium.remote.http.W3CHttpResponseCodec.createException(W3CHttpResponseCodec.java:187)
	at org.openqa.selenium.remote.http.W3CHttpResponseCodec.decode(W3CHttpResponseCodec.java:122)
	at org.openqa.selenium.remote.http.W3CHttpResponseCodec.decode(W3CHttpResponseCodec.java:49)
	at org.openqa.selenium.remote.HttpCommandExecutor.execute(HttpCommandExecutor.java:158)
	at org.openqa.selenium.remote.service.DriverCommandExecutor.execute(DriverCommandExecutor.java:83)
	at org.openqa.selenium.remote.RemoteWebDriver.execute(RemoteWebDriver.java:552)
	at org.openqa.selenium.remote.RemoteWebElement.execute(RemoteWebElement.java:285)
	at org.openqa.selenium.remote.RemoteWebElement.sendKeys(RemoteWebElement.java:106)
	at demo.pages.HomePage.inputAndSearchPokemon(HomePage.java:21)
	at demo.steps.BulbapediaStepDefinition.userInputPokemonOnTheSearchField(BulbapediaStepDefinition.java:23)
	at ✽.User input pokemon &quot;Charizard&quot; on the search field(file:///Users/zakiakhmadf/Desktop/Web_ZakiAkhmadFaridzan/src/test/resources/features/SearchPokemon.feature:12)
</failure>
  </testcase>
  <testcase name="User see pokemon named &quot;Charizard&quot; on bulbapedia article page" classname="Search pokemon Pikachu on Bulbapedia" time="0.002">
    <skipped/>
  </testcase>
  <testcase name="User see pokemon number &quot;#006&quot; on bulbapedia article" classname="Search pokemon Pikachu on Bulbapedia" time="0.001">
    <skipped/>
  </testcase>
  <testcase name="classMethod" classname="Search pokemon Pikachu on Bulbapedia" time="28.84">
    <failure message="org.openqa.selenium.ElementNotInteractableException: element not interactable&#10;  (Session info: chrome=81.0.4044.129)&#10;Build info: version: '3.141.59', revision: 'e82be7d358', time: '2018-11-14T08:17:03'&#10;System info: host: 'Zakis-MacBook-Pro.local', ip: 'fe80:0:0:0:149a:c6f8:f842:c174%en0', os.name: 'Mac OS X', os.arch: 'x86_64', os.version: '10.15.4', java.version: '1.8.0_251'&#10;Driver info: org.openqa.selenium.chrome.ChromeDriver&#10;Capabilities {acceptInsecureCerts: false, browserName: chrome, browserVersion: 81.0.4044.129, chrome: {chromedriverVersion: 81.0.4044.69 (6813546031a4b..., userDataDir: /var/folders/qq/ndm4q76j4p3...}, goog:chromeOptions: {debuggerAddress: localhost:60781}, javascriptEnabled: true, networkConnectionEnabled: false, pageLoadStrategy: normal, platform: MAC, platformName: MAC, proxy: Proxy(), setWindowRect: true, strictFileInteractability: false, timeouts: {implicit: 0, pageLoad: 300000, script: 30000}, unhandledPromptBehavior: dismiss and notify, webauthn:virtualAuthenticators: true}&#10;Session ID: d23d9a0398706b8c8b1c93afc3a0af9c" type="org.openqa.selenium.ElementNotInteractableException">org.openqa.selenium.ElementNotInteractableException: element not interactable
  (Session info: chrome=81.0.4044.129)
Build info: version: '3.141.59', revision: 'e82be7d358', time: '2018-11-14T08:17:03'
System info: host: 'Zakis-MacBook-Pro.local', ip: 'fe80:0:0:0:149a:c6f8:f842:c174%en0', os.name: 'Mac OS X', os.arch: 'x86_64', os.version: '10.15.4', java.version: '1.8.0_251'
Driver info: org.openqa.selenium.chrome.ChromeDriver
Capabilities {acceptInsecureCerts: false, browserName: chrome, browserVersion: 81.0.4044.129, chrome: {chromedriverVersion: 81.0.4044.69 (6813546031a4b..., userDataDir: /var/folders/qq/ndm4q76j4p3...}, goog:chromeOptions: {debuggerAddress: localhost:60781}, javascriptEnabled: true, networkConnectionEnabled: false, pageLoadStrategy: normal, platform: MAC, platformName: MAC, proxy: Proxy(), setWindowRect: true, strictFileInteractability: false, timeouts: {implicit: 0, pageLoad: 300000, script: 30000}, unhandledPromptBehavior: dismiss and notify, webauthn:virtualAuthenticators: true}
Session ID: d23d9a0398706b8c8b1c93afc3a0af9c
	at sun.reflect.NativeConstructorAccessorImpl.newInstance0(Native Method)
	at sun.reflect.NativeConstructorAccessorImpl.newInstance(NativeConstructorAccessorImpl.java:62)
	at sun.reflect.DelegatingConstructorAccessorImpl.newInstance(DelegatingConstructorAccessorImpl.java:45)
	at java.lang.reflect.Constructor.newInstance(Constructor.java:423)
	at org.openqa.selenium.remote.http.W3CHttpResponseCodec.createException(W3CHttpResponseCodec.java:187)
	at org.openqa.selenium.remote.http.W3CHttpResponseCodec.decode(W3CHttpResponseCodec.java:122)
	at org.openqa.selenium.remote.http.W3CHttpResponseCodec.decode(W3CHttpResponseCodec.java:49)
	at org.openqa.selenium.remote.HttpCommandExecutor.execute(HttpCommandExecutor.java:158)
	at org.openqa.selenium.remote.service.DriverCommandExecutor.execute(DriverCommandExecutor.java:83)
	at org.openqa.selenium.remote.RemoteWebDriver.execute(RemoteWebDriver.java:552)
	at org.openqa.selenium.remote.RemoteWebElement.execute(RemoteWebElement.java:285)
	at org.openqa.selenium.remote.RemoteWebElement.sendKeys(RemoteWebElement.java:106)
	at demo.pages.HomePage.inputAndSearchPokemon(HomePage.java:21)
	at demo.steps.BulbapediaStepDefinition.userInputPokemonOnTheSearchField(BulbapediaStepDefinition.java:23)
	at ✽.User input pokemon &quot;Charizard&quot; on the search field(file:///Users/zakiakhmadf/Desktop/Web_ZakiAkhmadFaridzan/src/test/resources/features/SearchPokemon.feature:12)
</failure>
  </testcase>
  <testcase name="User open bulbapedia home page" classname="Search pokemon Pikachu on Bulbapedia" time="24.091"/>
  <testcase name="User input pokemon &quot;Charmander&quot; on the search field" classname="Search pokemon Pikachu on Bulbapedia" time="54.766"/>
  <testcase name="User see pokemon named &quot;Charmander&quot; on bulbapedia article page" classname="Search pokemon Pikachu on Bulbapedia" time="52.681"/>
  <testcase name="User see pokemon number &quot;#004&quot; on bulbapedia article" classname="Search pokemon Pikachu on Bulbapedia" time="0.03"/>
  <testcase name="classMethod" classname="Search pokemon Pikachu on Bulbapedia" time="132.993"/>
  <system-out><![CDATA[]]></system-out>
  <system-err><![CDATA[Starting ChromeDriver 81.0.4044.69 (6813546031a4bc83f717a2ef7cd4ac6ec1199132-refs/branch-heads/4044@{#776}) on port 19398
Only local connections are allowed.
Please protect ports used by ChromeDriver and related test frameworks to prevent access by malicious code.
Apr 29, 2020 4:02:47 PM org.openqa.selenium.remote.ProtocolHandshake createSession
INFO: Detected dialect: W3C
[1588150968.982][SEVERE]: Timed out receiving message from renderer: 0.100
[1588150969.085][SEVERE]: Timed out receiving message from renderer: 0.100
[1588150969.190][SEVERE]: Timed out receiving message from renderer: 0.100
[1588150969.292][SEVERE]: Timed out receiving message from renderer: 0.100
[1588150969.395][SEVERE]: Timed out receiving message from renderer: 0.100
[1588150969.497][SEVERE]: Timed out receiving message from renderer: 0.100
[1588150969.598][SEVERE]: Timed out receiving message from renderer: 0.100
[1588150969.700][SEVERE]: Timed out receiving message from renderer: 0.100
[1588150969.803][SEVERE]: Timed out receiving message from renderer: 0.100
[1588150969.905][SEVERE]: Timed out receiving message from renderer: 0.100
[1588150970.007][SEVERE]: Timed out receiving message from renderer: 0.100
[1588150970.108][SEVERE]: Timed out receiving message from renderer: 0.100
[1588150970.295][SEVERE]: Timed out receiving message from renderer: 0.100
[1588150970.397][SEVERE]: Timed out receiving message from renderer: 0.100
[1588150970.500][SEVERE]: Timed out receiving message from renderer: 0.100
[1588150970.602][SEVERE]: Timed out receiving message from renderer: 0.100
[1588150970.704][SEVERE]: Timed out receiving message from renderer: 0.100
[1588150970.807][SEVERE]: Timed out receiving message from renderer: 0.100
[1588150970.910][SEVERE]: Timed out receiving message from renderer: 0.100
[1588150971.012][SEVERE]: Timed out receiving message from renderer: 0.100
[1588150971.113][SEVERE]: Timed out receiving message from renderer: 0.100
[1588150971.216][SEVERE]: Timed out receiving message from renderer: 0.100
[1588150971.320][SEVERE]: Timed out receiving message from renderer: 0.100
[1588150971.424][SEVERE]: Timed out receiving message from renderer: 0.100
[1588150971.835][SEVERE]: Timed out receiving message from renderer: 0.100
Starting ChromeDriver 81.0.4044.69 (6813546031a4bc83f717a2ef7cd4ac6ec1199132-refs/branch-heads/4044@{#776}) on port 25976
Only local connections are allowed.
Please protect ports used by ChromeDriver and related test frameworks to prevent access by malicious code.
Apr 29, 2020 4:04:22 PM org.openqa.selenium.remote.ProtocolHandshake createSession
INFO: Detected dialect: W3C
[1588151063.890][SEVERE]: Timed out receiving message from renderer: 0.100
[1588151063.992][SEVERE]: Timed out receiving message from renderer: 0.100
[1588151064.094][SEVERE]: Timed out receiving message from renderer: 0.100
[1588151064.197][SEVERE]: Timed out receiving message from renderer: 0.100
[1588151064.299][SEVERE]: Timed out receiving message from renderer: 0.100
[1588151064.401][SEVERE]: Timed out receiving message from renderer: 0.100
[1588151064.505][SEVERE]: Timed out receiving message from renderer: 0.100
[1588151064.607][SEVERE]: Timed out receiving message from renderer: 0.100
[1588151064.711][SEVERE]: Timed out receiving message from renderer: 0.100
[1588151064.812][SEVERE]: Timed out receiving message from renderer: 0.100
[1588151064.914][SEVERE]: Timed out receiving message from renderer: 0.100
[1588151065.017][SEVERE]: Timed out receiving message from renderer: 0.100
[1588151065.219][SEVERE]: Timed out receiving message from renderer: 0.100
[1588151065.322][SEVERE]: Timed out receiving message from renderer: 0.100
[1588151065.424][SEVERE]: Timed out receiving message from renderer: 0.100
[1588151065.527][SEVERE]: Timed out receiving message from renderer: 0.100
[1588151065.632][SEVERE]: Timed out receiving message from renderer: 0.100
[1588151065.735][SEVERE]: Timed out receiving message from renderer: 0.100
[1588151065.837][SEVERE]: Timed out receiving message from renderer: 0.100
[1588151065.939][SEVERE]: Timed out receiving message from renderer: 0.100
[1588151066.041][SEVERE]: Timed out receiving message from renderer: 0.100
[1588151066.143][SEVERE]: Timed out receiving message from renderer: 0.100
[1588151066.246][SEVERE]: Timed out receiving message from renderer: 0.100
[1588151066.348][SEVERE]: Timed out receiving message from renderer: 0.100
[1588151066.450][SEVERE]: Timed out receiving message from renderer: 0.100
[1588151066.552][SEVERE]: Timed out receiving message from renderer: 0.100
[1588151066.654][SEVERE]: Timed out receiving message from renderer: 0.100
[1588151066.756][SEVERE]: Timed out receiving message from renderer: 0.100
[1588151066.858][SEVERE]: Timed out receiving message from renderer: 0.100
[1588151066.961][SEVERE]: Timed out receiving message from renderer: 0.100
[1588151067.064][SEVERE]: Timed out receiving message from renderer: 0.100
[1588151067.166][SEVERE]: Timed out receiving message from renderer: 0.100
[1588151067.269][SEVERE]: Timed out receiving message from renderer: 0.100
[1588151067.372][SEVERE]: Timed out receiving message from renderer: 0.100
[1588151067.475][SEVERE]: Timed out receiving message from renderer: 0.100
[1588151067.576][SEVERE]: Timed out receiving message from renderer: 0.100
[1588151067.678][SEVERE]: Timed out receiving message from renderer: 0.100
[1588151067.780][SEVERE]: Timed out receiving message from renderer: 0.100
[1588151067.882][SEVERE]: Timed out receiving message from renderer: 0.100
[1588151067.985][SEVERE]: Timed out receiving message from renderer: 0.100
[1588151068.125][SEVERE]: Timed out receiving message from renderer: 0.100
[1588151068.228][SEVERE]: Timed out receiving message from renderer: 0.100
[1588151068.333][SEVERE]: Timed out receiving message from renderer: 0.100
[1588151068.438][SEVERE]: Timed out receiving message from renderer: 0.100
[1588151068.540][SEVERE]: Timed out receiving message from renderer: 0.100
[1588151068.642][SEVERE]: Timed out receiving message from renderer: 0.100
[1588151068.744][SEVERE]: Timed out receiving message from renderer: 0.100
[1588151069.084][SEVERE]: Timed out receiving message from renderer: 0.100
[1588151069.198][SEVERE]: Timed out receiving message from renderer: 0.100
[1588151069.299][SEVERE]: Timed out receiving message from renderer: 0.100
[1588151069.401][SEVERE]: Timed out receiving message from renderer: 0.100
[1588151069.503][SEVERE]: Timed out receiving message from renderer: 0.100
[1588151069.605][SEVERE]: Timed out receiving message from renderer: 0.100
[1588151069.709][SEVERE]: Timed out receiving message from renderer: 0.100
[1588151069.814][SEVERE]: Timed out receiving message from renderer: 0.100
[1588151069.918][SEVERE]: Timed out receiving message from renderer: 0.100
[1588151070.028][SEVERE]: Timed out receiving message from renderer: 0.100
[1588151070.134][SEVERE]: Timed out receiving message from renderer: 0.100
[1588151070.236][SEVERE]: Timed out receiving message from renderer: 0.100
[1588151070.339][SEVERE]: Timed out receiving message from renderer: 0.100
[1588151070.441][SEVERE]: Timed out receiving message from renderer: 0.100
[1588151070.542][SEVERE]: Timed out receiving message from renderer: 0.100
[1588151070.646][SEVERE]: Timed out receiving message from renderer: 0.100
[1588151070.748][SEVERE]: Timed out receiving message from renderer: 0.100
[1588151070.850][SEVERE]: Timed out receiving message from renderer: 0.100
[1588151070.952][SEVERE]: Timed out receiving message from renderer: 0.100
[1588151071.054][SEVERE]: Timed out receiving message from renderer: 0.100
[1588151071.156][SEVERE]: Timed out receiving message from renderer: 0.100
[1588151071.258][SEVERE]: Timed out receiving message from renderer: 0.100
[1588151071.360][SEVERE]: Timed out receiving message from renderer: 0.100
[1588151071.462][SEVERE]: Timed out receiving message from renderer: 0.100
[1588151071.565][SEVERE]: Timed out receiving message from renderer: 0.100
[1588151071.667][SEVERE]: Timed out receiving message from renderer: 0.100
[1588151071.771][SEVERE]: Timed out receiving message from renderer: 0.100
[1588151071.873][SEVERE]: Timed out receiving message from renderer: 0.100
[1588151071.976][SEVERE]: Timed out receiving message from renderer: 0.100
[1588151072.078][SEVERE]: Timed out receiving message from renderer: 0.100
[1588151072.180][SEVERE]: Timed out receiving message from renderer: 0.100
[1588151072.283][SEVERE]: Timed out receiving message from renderer: 0.100
[1588151072.385][SEVERE]: Timed out receiving message from renderer: 0.100
[1588151072.488][SEVERE]: Timed out receiving message from renderer: 0.100
[1588151072.590][SEVERE]: Timed out receiving message from renderer: 0.100
[1588151072.693][SEVERE]: Timed out receiving message from renderer: 0.100
[1588151072.797][SEVERE]: Timed out receiving message from renderer: 0.100
[1588151072.898][SEVERE]: Timed out receiving message from renderer: 0.100
[1588151073.000][SEVERE]: Timed out receiving message from renderer: 0.100
[1588151073.101][SEVERE]: Timed out receiving message from renderer: 0.100
[1588151073.203][SEVERE]: Timed out receiving message from renderer: 0.100
[1588151073.304][SEVERE]: Timed out receiving message from renderer: 0.100
[1588151073.406][SEVERE]: Timed out receiving message from renderer: 0.100
[1588151073.508][SEVERE]: Timed out receiving message from renderer: 0.100
[1588151073.612][SEVERE]: Timed out receiving message from renderer: 0.100
[1588151073.714][SEVERE]: Timed out receiving message from renderer: 0.100
[1588151073.815][SEVERE]: Timed out receiving message from renderer: 0.100
[1588151073.916][SEVERE]: Timed out receiving message from renderer: 0.100
[1588151074.018][SEVERE]: Timed out receiving message from renderer: 0.100
[1588151074.120][SEVERE]: Timed out receiving message from renderer: 0.100
[1588151074.223][SEVERE]: Timed out receiving message from renderer: 0.100
[1588151074.324][SEVERE]: Timed out receiving message from renderer: 0.100
[1588151074.427][SEVERE]: Timed out receiving message from renderer: 0.100
[1588151074.529][SEVERE]: Timed out receiving message from renderer: 0.100
[1588151074.631][SEVERE]: Timed out receiving message from renderer: 0.100
[1588151074.732][SEVERE]: Timed out receiving message from renderer: 0.100
[1588151074.833][SEVERE]: Timed out receiving message from renderer: 0.100
[1588151074.934][SEVERE]: Timed out receiving message from renderer: 0.100
[1588151075.036][SEVERE]: Timed out receiving message from renderer: 0.100
[1588151075.138][SEVERE]: Timed out receiving message from renderer: 0.100
[1588151075.240][SEVERE]: Timed out receiving message from renderer: 0.100
[1588151075.342][SEVERE]: Timed out receiving message from renderer: 0.100
[1588151075.443][SEVERE]: Timed out receiving message from renderer: 0.100
[1588151075.545][SEVERE]: Timed out receiving message from renderer: 0.100
[1588151075.647][SEVERE]: Timed out receiving message from renderer: 0.100
[1588151075.752][SEVERE]: Timed out receiving message from renderer: 0.100
[1588151075.854][SEVERE]: Timed out receiving message from renderer: 0.100
[1588151075.956][SEVERE]: Timed out receiving message from renderer: 0.100
[1588151076.058][SEVERE]: Timed out receiving message from renderer: 0.100
[1588151076.160][SEVERE]: Timed out receiving message from renderer: 0.100
[1588151076.262][SEVERE]: Timed out receiving message from renderer: 0.100
[1588151076.364][SEVERE]: Timed out receiving message from renderer: 0.100
[1588151076.466][SEVERE]: Timed out receiving message from renderer: 0.100
[1588151076.569][SEVERE]: Timed out receiving message from renderer: 0.100
[1588151076.671][SEVERE]: Timed out receiving message from renderer: 0.100
[1588151076.774][SEVERE]: Timed out receiving message from renderer: 0.100
[1588151076.877][SEVERE]: Timed out receiving message from renderer: 0.100
[1588151076.978][SEVERE]: Timed out receiving message from renderer: 0.100
[1588151077.081][SEVERE]: Timed out receiving message from renderer: 0.100
[1588151077.182][SEVERE]: Timed out receiving message from renderer: 0.100
[1588151077.284][SEVERE]: Timed out receiving message from renderer: 0.100
[1588151077.386][SEVERE]: Timed out receiving message from renderer: 0.100
[1588151077.488][SEVERE]: Timed out receiving message from renderer: 0.100
[1588151077.589][SEVERE]: Timed out receiving message from renderer: 0.100
[1588151077.692][SEVERE]: Timed out receiving message from renderer: 0.100
[1588151077.793][SEVERE]: Timed out receiving message from renderer: 0.100
[1588151077.896][SEVERE]: Timed out receiving message from renderer: 0.100
[1588151077.998][SEVERE]: Timed out receiving message from renderer: 0.100
[1588151078.100][SEVERE]: Timed out receiving message from renderer: 0.100
[1588151078.203][SEVERE]: Timed out receiving message from renderer: 0.100
[1588151078.306][SEVERE]: Timed out receiving message from renderer: 0.100
[1588151078.408][SEVERE]: Timed out receiving message from renderer: 0.100
[1588151078.510][SEVERE]: Timed out receiving message from renderer: 0.100
[1588151078.612][SEVERE]: Timed out receiving message from renderer: 0.100
[1588151078.714][SEVERE]: Timed out receiving message from renderer: 0.100
[1588151078.819][SEVERE]: Timed out receiving message from renderer: 0.100
[1588151078.920][SEVERE]: Timed out receiving message from renderer: 0.100
[1588151079.023][SEVERE]: Timed out receiving message from renderer: 0.100
[1588151079.125][SEVERE]: Timed out receiving message from renderer: 0.100
[1588151079.228][SEVERE]: Timed out receiving message from renderer: 0.100
[1588151079.332][SEVERE]: Timed out receiving message from renderer: 0.100
[1588151079.434][SEVERE]: Timed out receiving message from renderer: 0.100
[1588151079.537][SEVERE]: Timed out receiving message from renderer: 0.100
[1588151079.639][SEVERE]: Timed out receiving message from renderer: 0.100
[1588151079.742][SEVERE]: Timed out receiving message from renderer: 0.100
[1588151079.845][SEVERE]: Timed out receiving message from renderer: 0.100
[1588151079.946][SEVERE]: Timed out receiving message from renderer: 0.100
[1588151080.050][SEVERE]: Timed out receiving message from renderer: 0.100
[1588151080.152][SEVERE]: Timed out receiving message from renderer: 0.100
[1588151080.254][SEVERE]: Timed out receiving message from renderer: 0.100
[1588151080.356][SEVERE]: Timed out receiving message from renderer: 0.100
[1588151080.457][SEVERE]: Timed out receiving message from renderer: 0.100
[1588151080.559][SEVERE]: Timed out receiving message from renderer: 0.100
[1588151080.662][SEVERE]: Timed out receiving message from renderer: 0.100
[1588151080.763][SEVERE]: Timed out receiving message from renderer: 0.100
[1588151080.866][SEVERE]: Timed out receiving message from renderer: 0.100
[1588151080.968][SEVERE]: Timed out receiving message from renderer: 0.100
[1588151081.069][SEVERE]: Timed out receiving message from renderer: 0.100
[1588151081.171][SEVERE]: Timed out receiving message from renderer: 0.100
[1588151081.274][SEVERE]: Timed out receiving message from renderer: 0.100
[1588151081.377][SEVERE]: Timed out receiving message from renderer: 0.100
[1588151081.479][SEVERE]: Timed out receiving message from renderer: 0.100
[1588151081.582][SEVERE]: Timed out receiving message from renderer: 0.100
[1588151081.685][SEVERE]: Timed out receiving message from renderer: 0.100
[1588151081.787][SEVERE]: Timed out receiving message from renderer: 0.100
[1588151081.890][SEVERE]: Timed out receiving message from renderer: 0.100
[1588151081.992][SEVERE]: Timed out receiving message from renderer: 0.100
[1588151082.094][SEVERE]: Timed out receiving message from renderer: 0.100
[1588151082.198][SEVERE]: Timed out receiving message from renderer: 0.100
[1588151082.301][SEVERE]: Timed out receiving message from renderer: 0.100
[1588151082.403][SEVERE]: Timed out receiving message from renderer: 0.100
[1588151082.504][SEVERE]: Timed out receiving message from renderer: 0.100
[1588151082.606][SEVERE]: Timed out receiving message from renderer: 0.100
[1588151082.709][SEVERE]: Timed out receiving message from renderer: 0.100
[1588151082.811][SEVERE]: Timed out receiving message from renderer: 0.100
[1588151082.914][SEVERE]: Timed out receiving message from renderer: 0.100
[1588151083.016][SEVERE]: Timed out receiving message from renderer: 0.100
[1588151083.119][SEVERE]: Timed out receiving message from renderer: 0.100
[1588151083.221][SEVERE]: Timed out receiving message from renderer: 0.100
[1588151083.324][SEVERE]: Timed out receiving message from renderer: 0.100
[1588151083.426][SEVERE]: Timed out receiving message from renderer: 0.100
[1588151083.531][SEVERE]: Timed out receiving message from renderer: 0.100
[1588151083.633][SEVERE]: Timed out receiving message from renderer: 0.100
[1588151083.735][SEVERE]: Timed out receiving message from renderer: 0.100
[1588151083.838][SEVERE]: Timed out receiving message from renderer: 0.100
[1588151083.940][SEVERE]: Timed out receiving message from renderer: 0.100
[1588151084.043][SEVERE]: Timed out receiving message from renderer: 0.100
[1588151084.144][SEVERE]: Timed out receiving message from renderer: 0.100
[1588151084.248][SEVERE]: Timed out receiving message from renderer: 0.100
[1588151084.350][SEVERE]: Timed out receiving message from renderer: 0.100
[1588151084.543][SEVERE]: Timed out receiving message from renderer: 0.100
[1588151084.645][SEVERE]: Timed out receiving message from renderer: 0.100
[1588151084.747][SEVERE]: Timed out receiving message from renderer: 0.100
[1588151085.122][SEVERE]: Timed out receiving message from renderer: 0.100
[1588151085.225][SEVERE]: Timed out receiving message from renderer: 0.100
Starting ChromeDriver 81.0.4044.69 (6813546031a4bc83f717a2ef7cd4ac6ec1199132-refs/branch-heads/4044@{#776}) on port 26484
Only local connections are allowed.
Please protect ports used by ChromeDriver and related test frameworks to prevent access by malicious code.
Apr 29, 2020 4:04:51 PM org.openqa.selenium.remote.ProtocolHandshake createSession
INFO: Detected dialect: W3C
[1588151092.834][SEVERE]: Timed out receiving message from renderer: 0.100
[1588151092.936][SEVERE]: Timed out receiving message from renderer: 0.100
[1588151093.039][SEVERE]: Timed out receiving message from renderer: 0.100
[1588151093.141][SEVERE]: Timed out receiving message from renderer: 0.100
[1588151093.243][SEVERE]: Timed out receiving message from renderer: 0.100
[1588151093.346][SEVERE]: Timed out receiving message from renderer: 0.100
[1588151093.448][SEVERE]: Timed out receiving message from renderer: 0.100
[1588151093.552][SEVERE]: Timed out receiving message from renderer: 0.100
[1588151093.654][SEVERE]: Timed out receiving message from renderer: 0.100
[1588151093.756][SEVERE]: Timed out receiving message from renderer: 0.100
[1588151093.859][SEVERE]: Timed out receiving message from renderer: 0.100
[1588151093.962][SEVERE]: Timed out receiving message from renderer: 0.100
[1588151094.064][SEVERE]: Timed out receiving message from renderer: 0.100
[1588151094.236][SEVERE]: Timed out receiving message from renderer: 0.100
[1588151094.339][SEVERE]: Timed out receiving message from renderer: 0.100
[1588151094.441][SEVERE]: Timed out receiving message from renderer: 0.100
[1588151094.543][SEVERE]: Timed out receiving message from renderer: 0.100
[1588151094.646][SEVERE]: Timed out receiving message from renderer: 0.100
[1588151094.748][SEVERE]: Timed out receiving message from renderer: 0.100
[1588151094.851][SEVERE]: Timed out receiving message from renderer: 0.100
[1588151094.954][SEVERE]: Timed out receiving message from renderer: 0.100
[1588151095.056][SEVERE]: Timed out receiving message from renderer: 0.100
[1588151095.159][SEVERE]: Timed out receiving message from renderer: 0.100
[1588151095.261][SEVERE]: Timed out receiving message from renderer: 0.100
[1588151095.363][SEVERE]: Timed out receiving message from renderer: 0.100
[1588151095.466][SEVERE]: Timed out receiving message from renderer: 0.100
[1588151095.568][SEVERE]: Timed out receiving message from renderer: 0.100
[1588151095.671][SEVERE]: Timed out receiving message from renderer: 0.100
[1588151095.773][SEVERE]: Timed out receiving message from renderer: 0.100
[1588151095.876][SEVERE]: Timed out receiving message from renderer: 0.100
[1588151095.979][SEVERE]: Timed out receiving message from renderer: 0.100
[1588151096.082][SEVERE]: Timed out receiving message from renderer: 0.100
[1588151096.184][SEVERE]: Timed out receiving message from renderer: 0.100
[1588151096.285][SEVERE]: Timed out receiving message from renderer: 0.100
[1588151096.386][SEVERE]: Timed out receiving message from renderer: 0.100
[1588151096.489][SEVERE]: Timed out receiving message from renderer: 0.100
[1588151096.592][SEVERE]: Timed out receiving message from renderer: 0.100
[1588151096.694][SEVERE]: Timed out receiving message from renderer: 0.100
[1588151096.795][SEVERE]: Timed out receiving message from renderer: 0.100
[1588151096.897][SEVERE]: Timed out receiving message from renderer: 0.100
[1588151096.998][SEVERE]: Timed out receiving message from renderer: 0.100
[1588151097.100][SEVERE]: Timed out receiving message from renderer: 0.100
[1588151097.203][SEVERE]: Timed out receiving message from renderer: 0.100
[1588151097.305][SEVERE]: Timed out receiving message from renderer: 0.100
[1588151097.409][SEVERE]: Timed out receiving message from renderer: 0.100
[1588151097.511][SEVERE]: Timed out receiving message from renderer: 0.100
[1588151097.677][SEVERE]: Timed out receiving message from renderer: 0.100
[1588151097.781][SEVERE]: Timed out receiving message from renderer: 0.100
[1588151097.884][SEVERE]: Timed out receiving message from renderer: 0.100
[1588151097.986][SEVERE]: Timed out receiving message from renderer: 0.100
[1588151098.089][SEVERE]: Timed out receiving message from renderer: 0.100
[1588151098.191][SEVERE]: Timed out receiving message from renderer: 0.100
[1588151098.294][SEVERE]: Timed out receiving message from renderer: 0.100
[1588151098.396][SEVERE]: Timed out receiving message from renderer: 0.100
[1588151098.500][SEVERE]: Timed out receiving message from renderer: 0.100
[1588151098.603][SEVERE]: Timed out receiving message from renderer: 0.100
[1588151098.705][SEVERE]: Timed out receiving message from renderer: 0.100
[1588151098.807][SEVERE]: Timed out receiving message from renderer: 0.100
[1588151098.910][SEVERE]: Timed out receiving message from renderer: 0.100
[1588151099.012][SEVERE]: Timed out receiving message from renderer: 0.100
[1588151099.114][SEVERE]: Timed out receiving message from renderer: 0.100
[1588151099.216][SEVERE]: Timed out receiving message from renderer: 0.100
[1588151099.318][SEVERE]: Timed out receiving message from renderer: 0.100
[1588151099.420][SEVERE]: Timed out receiving message from renderer: 0.100
[1588151099.521][SEVERE]: Timed out receiving message from renderer: 0.100
[1588151099.625][SEVERE]: Timed out receiving message from renderer: 0.100
[1588151099.727][SEVERE]: Timed out receiving message from renderer: 0.100
[1588151099.831][SEVERE]: Timed out receiving message from renderer: 0.100
[1588151099.933][SEVERE]: Timed out receiving message from renderer: 0.100
[1588151100.035][SEVERE]: Timed out receiving message from renderer: 0.100
[1588151100.137][SEVERE]: Timed out receiving message from renderer: 0.100
[1588151100.240][SEVERE]: Timed out receiving message from renderer: 0.100
[1588151100.342][SEVERE]: Timed out receiving message from renderer: 0.100
[1588151100.444][SEVERE]: Timed out receiving message from renderer: 0.100
[1588151100.547][SEVERE]: Timed out receiving message from renderer: 0.100
[1588151100.650][SEVERE]: Timed out receiving message from renderer: 0.100
[1588151100.752][SEVERE]: Timed out receiving message from renderer: 0.100
[1588151100.855][SEVERE]: Timed out receiving message from renderer: 0.100
[1588151100.956][SEVERE]: Timed out receiving message from renderer: 0.100
[1588151101.059][SEVERE]: Timed out receiving message from renderer: 0.100
[1588151101.162][SEVERE]: Timed out receiving message from renderer: 0.100
[1588151101.263][SEVERE]: Timed out receiving message from renderer: 0.100
[1588151101.365][SEVERE]: Timed out receiving message from renderer: 0.100
[1588151101.468][SEVERE]: Timed out receiving message from renderer: 0.100
[1588151101.572][SEVERE]: Timed out receiving message from renderer: 0.100
[1588151101.675][SEVERE]: Timed out receiving message from renderer: 0.100
[1588151101.777][SEVERE]: Timed out receiving message from renderer: 0.100
[1588151101.880][SEVERE]: Timed out receiving message from renderer: 0.100
[1588151101.983][SEVERE]: Timed out receiving message from renderer: 0.100
[1588151102.085][SEVERE]: Timed out receiving message from renderer: 0.100
[1588151102.187][SEVERE]: Timed out receiving message from renderer: 0.100
[1588151102.290][SEVERE]: Timed out receiving message from renderer: 0.100
[1588151102.392][SEVERE]: Timed out receiving message from renderer: 0.100
[1588151102.494][SEVERE]: Timed out receiving message from renderer: 0.100
[1588151102.597][SEVERE]: Timed out receiving message from renderer: 0.100
[1588151102.698][SEVERE]: Timed out receiving message from renderer: 0.100
[1588151102.801][SEVERE]: Timed out receiving message from renderer: 0.100
[1588151102.903][SEVERE]: Timed out receiving message from renderer: 0.100
[1588151103.005][SEVERE]: Timed out receiving message from renderer: 0.100
[1588151103.106][SEVERE]: Timed out receiving message from renderer: 0.100
[1588151103.209][SEVERE]: Timed out receiving message from renderer: 0.100
[1588151103.310][SEVERE]: Timed out receiving message from renderer: 0.100
[1588151103.413][SEVERE]: Timed out receiving message from renderer: 0.100
[1588151103.515][SEVERE]: Timed out receiving message from renderer: 0.100
[1588151103.619][SEVERE]: Timed out receiving message from renderer: 0.100
[1588151103.722][SEVERE]: Timed out receiving message from renderer: 0.100
[1588151103.824][SEVERE]: Timed out receiving message from renderer: 0.100
[1588151103.926][SEVERE]: Timed out receiving message from renderer: 0.100
[1588151104.029][SEVERE]: Timed out receiving message from renderer: 0.100
[1588151104.133][SEVERE]: Timed out receiving message from renderer: 0.100
[1588151104.235][SEVERE]: Timed out receiving message from renderer: 0.100
[1588151104.338][SEVERE]: Timed out receiving message from renderer: 0.100
[1588151104.440][SEVERE]: Timed out receiving message from renderer: 0.100
[1588151104.542][SEVERE]: Timed out receiving message from renderer: 0.100
[1588151104.644][SEVERE]: Timed out receiving message from renderer: 0.100
[1588151104.748][SEVERE]: Timed out receiving message from renderer: 0.100
[1588151104.851][SEVERE]: Timed out receiving message from renderer: 0.100
[1588151104.953][SEVERE]: Timed out receiving message from renderer: 0.100
[1588151105.056][SEVERE]: Timed out receiving message from renderer: 0.100
[1588151105.159][SEVERE]: Timed out receiving message from renderer: 0.100
[1588151105.261][SEVERE]: Timed out receiving message from renderer: 0.100
[1588151105.365][SEVERE]: Timed out receiving message from renderer: 0.100
[1588151105.466][SEVERE]: Timed out receiving message from renderer: 0.100
[1588151105.569][SEVERE]: Timed out receiving message from renderer: 0.100
[1588151105.672][SEVERE]: Timed out receiving message from renderer: 0.100
[1588151105.774][SEVERE]: Timed out receiving message from renderer: 0.100
[1588151105.877][SEVERE]: Timed out receiving message from renderer: 0.100
[1588151105.979][SEVERE]: Timed out receiving message from renderer: 0.100
[1588151106.082][SEVERE]: Timed out receiving message from renderer: 0.100
[1588151106.185][SEVERE]: Timed out receiving message from renderer: 0.100
[1588151106.287][SEVERE]: Timed out receiving message from renderer: 0.100
[1588151106.391][SEVERE]: Timed out receiving message from renderer: 0.100
[1588151106.493][SEVERE]: Timed out receiving message from renderer: 0.100
[1588151106.596][SEVERE]: Timed out receiving message from renderer: 0.100
[1588151106.699][SEVERE]: Timed out receiving message from renderer: 0.100
[1588151106.802][SEVERE]: Timed out receiving message from renderer: 0.100
[1588151106.904][SEVERE]: Timed out receiving message from renderer: 0.100
[1588151107.005][SEVERE]: Timed out receiving message from renderer: 0.100
[1588151107.108][SEVERE]: Timed out receiving message from renderer: 0.100
[1588151107.211][SEVERE]: Timed out receiving message from renderer: 0.100
[1588151107.313][SEVERE]: Timed out receiving message from renderer: 0.100
[1588151107.414][SEVERE]: Timed out receiving message from renderer: 0.100
[1588151107.517][SEVERE]: Timed out receiving message from renderer: 0.100
[1588151107.619][SEVERE]: Timed out receiving message from renderer: 0.100
[1588151107.722][SEVERE]: Timed out receiving message from renderer: 0.100
[1588151107.823][SEVERE]: Timed out receiving message from renderer: 0.100
[1588151107.925][SEVERE]: Timed out receiving message from renderer: 0.100
[1588151108.027][SEVERE]: Timed out receiving message from renderer: 0.100
[1588151108.129][SEVERE]: Timed out receiving message from renderer: 0.100
[1588151108.230][SEVERE]: Timed out receiving message from renderer: 0.100
[1588151108.333][SEVERE]: Timed out receiving message from renderer: 0.100
[1588151108.435][SEVERE]: Timed out receiving message from renderer: 0.100
[1588151108.538][SEVERE]: Timed out receiving message from renderer: 0.100
[1588151108.640][SEVERE]: Timed out receiving message from renderer: 0.100
[1588151108.742][SEVERE]: Timed out receiving message from renderer: 0.100
[1588151108.844][SEVERE]: Timed out receiving message from renderer: 0.100
[1588151108.946][SEVERE]: Timed out receiving message from renderer: 0.100
[1588151109.047][SEVERE]: Timed out receiving message from renderer: 0.100
[1588151109.149][SEVERE]: Timed out receiving message from renderer: 0.100
[1588151109.252][SEVERE]: Timed out receiving message from renderer: 0.100
[1588151109.354][SEVERE]: Timed out receiving message from renderer: 0.100
[1588151109.457][SEVERE]: Timed out receiving message from renderer: 0.100
[1588151109.558][SEVERE]: Timed out receiving message from renderer: 0.100
[1588151109.661][SEVERE]: Timed out receiving message from renderer: 0.100
[1588151109.763][SEVERE]: Timed out receiving message from renderer: 0.100
[1588151109.866][SEVERE]: Timed out receiving message from renderer: 0.100
[1588151109.968][SEVERE]: Timed out receiving message from renderer: 0.100
[1588151110.071][SEVERE]: Timed out receiving message from renderer: 0.100
[1588151110.174][SEVERE]: Timed out receiving message from renderer: 0.100
[1588151110.276][SEVERE]: Timed out receiving message from renderer: 0.100
[1588151110.378][SEVERE]: Timed out receiving message from renderer: 0.100
[1588151110.480][SEVERE]: Timed out receiving message from renderer: 0.100
[1588151110.582][SEVERE]: Timed out receiving message from renderer: 0.100
[1588151110.684][SEVERE]: Timed out receiving message from renderer: 0.100
[1588151110.786][SEVERE]: Timed out receiving message from renderer: 0.100
[1588151110.889][SEVERE]: Timed out receiving message from renderer: 0.100
[1588151110.991][SEVERE]: Timed out receiving message from renderer: 0.100
[1588151111.095][SEVERE]: Timed out receiving message from renderer: 0.100
[1588151111.196][SEVERE]: Timed out receiving message from renderer: 0.100
[1588151111.299][SEVERE]: Timed out receiving message from renderer: 0.100
[1588151111.402][SEVERE]: Timed out receiving message from renderer: 0.100
[1588151111.504][SEVERE]: Timed out receiving message from renderer: 0.100
[1588151111.607][SEVERE]: Timed out receiving message from renderer: 0.100
[1588151111.712][SEVERE]: Timed out receiving message from renderer: 0.100
[1588151111.815][SEVERE]: Timed out receiving message from renderer: 0.100
[1588151111.917][SEVERE]: Timed out receiving message from renderer: 0.100
[1588151112.019][SEVERE]: Timed out receiving message from renderer: 0.100
[1588151112.122][SEVERE]: Timed out receiving message from renderer: 0.100
[1588151112.225][SEVERE]: Timed out receiving message from renderer: 0.100
[1588151112.327][SEVERE]: Timed out receiving message from renderer: 0.100
[1588151112.430][SEVERE]: Timed out receiving message from renderer: 0.100
[1588151112.531][SEVERE]: Timed out receiving message from renderer: 0.100
[1588151112.634][SEVERE]: Timed out receiving message from renderer: 0.100
[1588151112.736][SEVERE]: Timed out receiving message from renderer: 0.100
[1588151112.838][SEVERE]: Timed out receiving message from renderer: 0.100
[1588151112.940][SEVERE]: Timed out receiving message from renderer: 0.100
[1588151113.043][SEVERE]: Timed out receiving message from renderer: 0.100
[1588151113.145][SEVERE]: Timed out receiving message from renderer: 0.100
[1588151113.248][SEVERE]: Timed out receiving message from renderer: 0.100
[1588151113.352][SEVERE]: Timed out receiving message from renderer: 0.100
[1588151113.455][SEVERE]: Timed out receiving message from renderer: 0.100
[1588151113.558][SEVERE]: Timed out receiving message from renderer: 0.100
[1588151113.661][SEVERE]: Timed out receiving message from renderer: 0.100
[1588151113.763][SEVERE]: Timed out receiving message from renderer: 0.100
[1588151113.864][SEVERE]: Timed out receiving message from renderer: 0.100
[1588151113.967][SEVERE]: Timed out receiving message from renderer: 0.100
[1588151114.070][SEVERE]: Timed out receiving message from renderer: 0.100
[1588151114.173][SEVERE]: Timed out receiving message from renderer: 0.100
[1588151114.276][SEVERE]: Timed out receiving message from renderer: 0.100
[1588151114.378][SEVERE]: Timed out receiving message from renderer: 0.100
[1588151114.481][SEVERE]: Timed out receiving message from renderer: 0.100
[1588151114.584][SEVERE]: Timed out receiving message from renderer: 0.100
[1588151114.687][SEVERE]: Timed out receiving message from renderer: 0.100
[1588151114.790][SEVERE]: Timed out receiving message from renderer: 0.100
[1588151114.892][SEVERE]: Timed out receiving message from renderer: 0.100
[1588151115.140][SEVERE]: Timed out receiving message from renderer: 0.100
[1588151115.241][SEVERE]: Timed out receiving message from renderer: 0.100
[1588151115.476][SEVERE]: Timed out receiving message from renderer: 0.100
[1588151115.578][SEVERE]: Timed out receiving message from renderer: 0.100
[1588151115.808][SEVERE]: Timed out receiving message from renderer: 0.100
[1588151189.449][SEVERE]: Timed out receiving message from renderer: 0.100
[1588151189.551][SEVERE]: Timed out receiving message from renderer: 0.100
[1588151189.653][SEVERE]: Timed out receiving message from renderer: 0.100
[1588151189.755][SEVERE]: Timed out receiving message from renderer: 0.100
[1588151189.858][SEVERE]: Timed out receiving message from renderer: 0.100
[1588151189.960][SEVERE]: Timed out receiving message from renderer: 0.100
[1588151190.061][SEVERE]: Timed out receiving message from renderer: 0.100
[1588151190.163][SEVERE]: Timed out receiving message from renderer: 0.100
[1588151190.266][SEVERE]: Timed out receiving message from renderer: 0.100
[1588151190.369][SEVERE]: Timed out receiving message from renderer: 0.100
[1588151190.471][SEVERE]: Timed out receiving message from renderer: 0.100
[1588151190.574][SEVERE]: Timed out receiving message from renderer: 0.100
[1588151190.675][SEVERE]: Timed out receiving message from renderer: 0.100
[1588151190.776][SEVERE]: Timed out receiving message from renderer: 0.100
[1588151190.878][SEVERE]: Timed out receiving message from renderer: 0.100
[1588151190.980][SEVERE]: Timed out receiving message from renderer: 0.100
[1588151191.084][SEVERE]: Timed out receiving message from renderer: 0.100
[1588151191.186][SEVERE]: Timed out receiving message from renderer: 0.100
[1588151191.289][SEVERE]: Timed out receiving message from renderer: 0.100
[1588151191.393][SEVERE]: Timed out receiving message from renderer: 0.100
[1588151191.496][SEVERE]: Timed out receiving message from renderer: 0.100
[1588151191.599][SEVERE]: Timed out receiving message from renderer: 0.100
[1588151191.700][SEVERE]: Timed out receiving message from renderer: 0.100
[1588151191.810][SEVERE]: Timed out receiving message from renderer: 0.100
[1588151191.913][SEVERE]: Timed out receiving message from renderer: 0.100
[1588151192.015][SEVERE]: Timed out receiving message from renderer: 0.100
[1588151192.116][SEVERE]: Timed out receiving message from renderer: 0.100
[1588151192.217][SEVERE]: Timed out receiving message from renderer: 0.100
[1588151192.319][SEVERE]: Timed out receiving message from renderer: 0.100
[1588151192.420][SEVERE]: Timed out receiving message from renderer: 0.100
[1588151192.523][SEVERE]: Timed out receiving message from renderer: 0.100
[1588151192.624][SEVERE]: Timed out receiving message from renderer: 0.100
[1588151192.727][SEVERE]: Timed out receiving message from renderer: 0.100
[1588151192.829][SEVERE]: Timed out receiving message from renderer: 0.100
[1588151192.931][SEVERE]: Timed out receiving message from renderer: 0.100
[1588151193.032][SEVERE]: Timed out receiving message from renderer: 0.100
[1588151193.133][SEVERE]: Timed out receiving message from renderer: 0.100
[1588151193.234][SEVERE]: Timed out receiving message from renderer: 0.100
[1588151193.337][SEVERE]: Timed out receiving message from renderer: 0.100
[1588151193.442][SEVERE]: Timed out receiving message from renderer: 0.100
[1588151193.545][SEVERE]: Timed out receiving message from renderer: 0.100
[1588151193.647][SEVERE]: Timed out receiving message from renderer: 0.100
[1588151193.750][SEVERE]: Timed out receiving message from renderer: 0.100
[1588151193.853][SEVERE]: Timed out receiving message from renderer: 0.100
[1588151193.955][SEVERE]: Timed out receiving message from renderer: 0.100
[1588151194.058][SEVERE]: Timed out receiving message from renderer: 0.100
[1588151194.159][SEVERE]: Timed out receiving message from renderer: 0.100
[1588151194.260][SEVERE]: Timed out receiving message from renderer: 0.100
[1588151194.362][SEVERE]: Timed out receiving message from renderer: 0.100
[1588151194.465][SEVERE]: Timed out receiving message from renderer: 0.100
[1588151194.566][SEVERE]: Timed out receiving message from renderer: 0.100
[1588151194.669][SEVERE]: Timed out receiving message from renderer: 0.100
[1588151194.773][SEVERE]: Timed out receiving message from renderer: 0.100
[1588151194.877][SEVERE]: Timed out receiving message from renderer: 0.100
[1588151194.979][SEVERE]: Timed out receiving message from renderer: 0.100
[1588151195.080][SEVERE]: Timed out receiving message from renderer: 0.100
[1588151195.181][SEVERE]: Timed out receiving message from renderer: 0.100
[1588151195.283][SEVERE]: Timed out receiving message from renderer: 0.100
[1588151195.385][SEVERE]: Timed out receiving message from renderer: 0.100
[1588151195.487][SEVERE]: Timed out receiving message from renderer: 0.100
[1588151195.595][SEVERE]: Timed out receiving message from renderer: 0.100
[1588151195.697][SEVERE]: Timed out receiving message from renderer: 0.100
[1588151195.799][SEVERE]: Timed out receiving message from renderer: 0.100
[1588151195.902][SEVERE]: Timed out receiving message from renderer: 0.100
[1588151196.004][SEVERE]: Timed out receiving message from renderer: 0.100
[1588151196.109][SEVERE]: Timed out receiving message from renderer: 0.100
[1588151196.211][SEVERE]: Timed out receiving message from renderer: 0.100
[1588151196.312][SEVERE]: Timed out receiving message from renderer: 0.100
[1588151196.414][SEVERE]: Timed out receiving message from renderer: 0.100
[1588151196.515][SEVERE]: Timed out receiving message from renderer: 0.100
[1588151196.619][SEVERE]: Timed out receiving message from renderer: 0.100
[1588151196.721][SEVERE]: Timed out receiving message from renderer: 0.100
[1588151196.824][SEVERE]: Timed out receiving message from renderer: 0.100
[1588151196.927][SEVERE]: Timed out receiving message from renderer: 0.100
[1588151197.029][SEVERE]: Timed out receiving message from renderer: 0.100
[1588151197.132][SEVERE]: Timed out receiving message from renderer: 0.100
[1588151197.234][SEVERE]: Timed out receiving message from renderer: 0.100
[1588151197.336][SEVERE]: Timed out receiving message from renderer: 0.100
[1588151197.437][SEVERE]: Timed out receiving message from renderer: 0.100
[1588151197.538][SEVERE]: Timed out receiving message from renderer: 0.100
[1588151197.640][SEVERE]: Timed out receiving message from renderer: 0.100
[1588151197.742][SEVERE]: Timed out receiving message from renderer: 0.100
[1588151197.845][SEVERE]: Timed out receiving message from renderer: 0.100
[1588151197.948][SEVERE]: Timed out receiving message from renderer: 0.100
[1588151198.050][SEVERE]: Timed out receiving message from renderer: 0.100
[1588151198.153][SEVERE]: Timed out receiving message from renderer: 0.100
[1588151198.255][SEVERE]: Timed out receiving message from renderer: 0.100
[1588151198.357][SEVERE]: Timed out receiving message from renderer: 0.100
[1588151198.459][SEVERE]: Timed out receiving message from renderer: 0.100
[1588151198.561][SEVERE]: Timed out receiving message from renderer: 0.100
[1588151198.663][SEVERE]: Timed out receiving message from renderer: 0.100
[1588151198.765][SEVERE]: Timed out receiving message from renderer: 0.100
[1588151198.868][SEVERE]: Timed out receiving message from renderer: 0.100
[1588151198.971][SEVERE]: Timed out receiving message from renderer: 0.100
[1588151199.073][SEVERE]: Timed out receiving message from renderer: 0.100
[1588151199.176][SEVERE]: Timed out receiving message from renderer: 0.100
[1588151199.278][SEVERE]: Timed out receiving message from renderer: 0.100
[1588151199.380][SEVERE]: Timed out receiving message from renderer: 0.100
[1588151199.482][SEVERE]: Timed out receiving message from renderer: 0.100
[1588151199.584][SEVERE]: Timed out receiving message from renderer: 0.100
[1588151199.685][SEVERE]: Timed out receiving message from renderer: 0.100
[1588151199.786][SEVERE]: Timed out receiving message from renderer: 0.100
[1588151199.889][SEVERE]: Timed out receiving message from renderer: 0.100
[1588151199.992][SEVERE]: Timed out receiving message from renderer: 0.100
[1588151200.093][SEVERE]: Timed out receiving message from renderer: 0.100
[1588151200.195][SEVERE]: Timed out receiving message from renderer: 0.100
[1588151200.297][SEVERE]: Timed out receiving message from renderer: 0.100
[1588151200.399][SEVERE]: Timed out receiving message from renderer: 0.100
[1588151200.501][SEVERE]: Timed out receiving message from renderer: 0.100
[1588151200.603][SEVERE]: Timed out receiving message from renderer: 0.100
[1588151200.706][SEVERE]: Timed out receiving message from renderer: 0.100
[1588151200.809][SEVERE]: Timed out receiving message from renderer: 0.100
[1588151200.933][SEVERE]: Timed out receiving message from renderer: 0.100
[1588151201.046][SEVERE]: Timed out receiving message from renderer: 0.100
[1588151201.149][SEVERE]: Timed out receiving message from renderer: 0.100
[1588151201.251][SEVERE]: Timed out receiving message from renderer: 0.100
[1588151201.353][SEVERE]: Timed out receiving message from renderer: 0.100
[1588151201.455][SEVERE]: Timed out receiving message from renderer: 0.100
[1588151201.558][SEVERE]: Timed out receiving message from renderer: 0.100
[1588151201.659][SEVERE]: Timed out receiving message from renderer: 0.100
[1588151201.760][SEVERE]: Timed out receiving message from renderer: 0.100
[1588151201.862][SEVERE]: Timed out receiving message from renderer: 0.100
[1588151201.964][SEVERE]: Timed out receiving message from renderer: 0.100
[1588151202.069][SEVERE]: Timed out receiving message from renderer: 0.100
[1588151202.171][SEVERE]: Timed out receiving message from renderer: 0.100
[1588151202.274][SEVERE]: Timed out receiving message from renderer: 0.100
[1588151202.381][SEVERE]: Timed out receiving message from renderer: 0.100
[1588151202.484][SEVERE]: Timed out receiving message from renderer: 0.100
[1588151202.587][SEVERE]: Timed out receiving message from renderer: 0.100
[1588151202.691][SEVERE]: Timed out receiving message from renderer: 0.100
[1588151202.794][SEVERE]: Timed out receiving message from renderer: 0.100
[1588151202.895][SEVERE]: Timed out receiving message from renderer: 0.100
[1588151203.376][SEVERE]: Timed out receiving message from renderer: 0.100
[1588151203.630][SEVERE]: Timed out receiving message from renderer: 0.100
[1588151203.732][SEVERE]: Timed out receiving message from renderer: 0.100
[1588151203.835][SEVERE]: Timed out receiving message from renderer: 0.100
[1588151203.937][SEVERE]: Timed out receiving message from renderer: 0.100
[1588151204.039][SEVERE]: Timed out receiving message from renderer: 0.100
[1588151204.142][SEVERE]: Timed out receiving message from renderer: 0.100
[1588151204.244][SEVERE]: Timed out receiving message from renderer: 0.100
[1588151204.347][SEVERE]: Timed out receiving message from renderer: 0.100
[1588151204.448][SEVERE]: Timed out receiving message from renderer: 0.100
[1588151204.553][SEVERE]: Timed out receiving message from renderer: 0.100
[1588151204.655][SEVERE]: Timed out receiving message from renderer: 0.100
[1588151204.756][SEVERE]: Timed out receiving message from renderer: 0.100
[1588151204.858][SEVERE]: Timed out receiving message from renderer: 0.100
[1588151204.960][SEVERE]: Timed out receiving message from renderer: 0.100
[1588151205.062][SEVERE]: Timed out receiving message from renderer: 0.100
[1588151205.164][SEVERE]: Timed out receiving message from renderer: 0.100
[1588151205.267][SEVERE]: Timed out receiving message from renderer: 0.100
[1588151205.372][SEVERE]: Timed out receiving message from renderer: 0.100
[1588151205.475][SEVERE]: Timed out receiving message from renderer: 0.100
[1588151205.586][SEVERE]: Timed out receiving message from renderer: 0.100
[1588151205.693][SEVERE]: Timed out receiving message from renderer: 0.100
[1588151205.795][SEVERE]: Timed out receiving message from renderer: 0.100
[1588151205.898][SEVERE]: Timed out receiving message from renderer: 0.100
[1588151206.000][SEVERE]: Timed out receiving message from renderer: 0.100
[1588151206.102][SEVERE]: Timed out receiving message from renderer: 0.100
[1588151206.204][SEVERE]: Timed out receiving message from renderer: 0.100
[1588151206.306][SEVERE]: Timed out receiving message from renderer: 0.100
[1588151206.410][SEVERE]: Timed out receiving message from renderer: 0.100
[1588151206.512][SEVERE]: Timed out receiving message from renderer: 0.100
[1588151206.615][SEVERE]: Timed out receiving message from renderer: 0.100
[1588151206.717][SEVERE]: Timed out receiving message from renderer: 0.100
[1588151206.819][SEVERE]: Timed out receiving message from renderer: 0.100
[1588151206.921][SEVERE]: Timed out receiving message from renderer: 0.100
[1588151207.024][SEVERE]: Timed out receiving message from renderer: 0.100
[1588151207.126][SEVERE]: Timed out receiving message from renderer: 0.100
[1588151207.228][SEVERE]: Timed out receiving message from renderer: 0.100
[1588151207.331][SEVERE]: Timed out receiving message from renderer: 0.100
[1588151207.433][SEVERE]: Timed out receiving message from renderer: 0.100
[1588151207.536][SEVERE]: Timed out receiving message from renderer: 0.100
[1588151207.638][SEVERE]: Timed out receiving message from renderer: 0.100
[1588151207.740][SEVERE]: Timed out receiving message from renderer: 0.100
[1588151207.842][SEVERE]: Timed out receiving message from renderer: 0.100
[1588151207.944][SEVERE]: Timed out receiving message from renderer: 0.100
[1588151208.047][SEVERE]: Timed out receiving message from renderer: 0.100
[1588151208.151][SEVERE]: Timed out receiving message from renderer: 0.100
[1588151208.253][SEVERE]: Timed out receiving message from renderer: 0.100
[1588151208.355][SEVERE]: Timed out receiving message from renderer: 0.100
[1588151208.458][SEVERE]: Timed out receiving message from renderer: 0.100
[1588151208.560][SEVERE]: Timed out receiving message from renderer: 0.100
[1588151208.661][SEVERE]: Timed out receiving message from renderer: 0.100
[1588151208.763][SEVERE]: Timed out receiving message from renderer: 0.100
[1588151208.865][SEVERE]: Timed out receiving message from renderer: 0.100
[1588151208.968][SEVERE]: Timed out receiving message from renderer: 0.100
[1588151209.071][SEVERE]: Timed out receiving message from renderer: 0.100
[1588151209.173][SEVERE]: Timed out receiving message from renderer: 0.100
[1588151209.274][SEVERE]: Timed out receiving message from renderer: 0.100
[1588151209.377][SEVERE]: Timed out receiving message from renderer: 0.100
[1588151209.479][SEVERE]: Timed out receiving message from renderer: 0.100
[1588151209.581][SEVERE]: Timed out receiving message from renderer: 0.100
[1588151209.684][SEVERE]: Timed out receiving message from renderer: 0.100
[1588151209.786][SEVERE]: Timed out receiving message from renderer: 0.100
[1588151209.887][SEVERE]: Timed out receiving message from renderer: 0.100
[1588151209.990][SEVERE]: Timed out receiving message from renderer: 0.100
[1588151210.092][SEVERE]: Timed out receiving message from renderer: 0.100
[1588151210.194][SEVERE]: Timed out receiving message from renderer: 0.100
[1588151210.296][SEVERE]: Timed out receiving message from renderer: 0.100
[1588151210.398][SEVERE]: Timed out receiving message from renderer: 0.100
[1588151210.501][SEVERE]: Timed out receiving message from renderer: 0.100
[1588151210.604][SEVERE]: Timed out receiving message from renderer: 0.100
[1588151210.706][SEVERE]: Timed out receiving message from renderer: 0.100
[1588151210.808][SEVERE]: Timed out receiving message from renderer: 0.100
[1588151210.912][SEVERE]: Timed out receiving message from renderer: 0.100
[1588151211.013][SEVERE]: Timed out receiving message from renderer: 0.100
[1588151211.115][SEVERE]: Timed out receiving message from renderer: 0.100
[1588151211.218][SEVERE]: Timed out receiving message from renderer: 0.100
[1588151211.320][SEVERE]: Timed out receiving message from renderer: 0.100
[1588151211.424][SEVERE]: Timed out receiving message from renderer: 0.100
[1588151211.527][SEVERE]: Timed out receiving message from renderer: 0.100
[1588151211.633][SEVERE]: Timed out receiving message from renderer: 0.100
[1588151211.735][SEVERE]: Timed out receiving message from renderer: 0.100
[1588151211.838][SEVERE]: Timed out receiving message from renderer: 0.100
[1588151211.939][SEVERE]: Timed out receiving message from renderer: 0.100
[1588151212.041][SEVERE]: Timed out receiving message from renderer: 0.100
[1588151212.143][SEVERE]: Timed out receiving message from renderer: 0.100
[1588151212.245][SEVERE]: Timed out receiving message from renderer: 0.100
[1588151212.347][SEVERE]: Timed out receiving message from renderer: 0.100
[1588151212.449][SEVERE]: Timed out receiving message from renderer: 0.100
[1588151212.550][SEVERE]: Timed out receiving message from renderer: 0.100
[1588151212.652][SEVERE]: Timed out receiving message from renderer: 0.100
[1588151212.754][SEVERE]: Timed out receiving message from renderer: 0.100
[1588151212.856][SEVERE]: Timed out receiving message from renderer: 0.100
[1588151212.958][SEVERE]: Timed out receiving message from renderer: 0.100
[1588151213.062][SEVERE]: Timed out receiving message from renderer: 0.100
[1588151213.164][SEVERE]: Timed out receiving message from renderer: 0.100
[1588151213.266][SEVERE]: Timed out receiving message from renderer: 0.100
[1588151213.368][SEVERE]: Timed out receiving message from renderer: 0.100
[1588151213.471][SEVERE]: Timed out receiving message from renderer: 0.100
[1588151213.574][SEVERE]: Timed out receiving message from renderer: 0.100
[1588151213.676][SEVERE]: Timed out receiving message from renderer: 0.100
[1588151213.779][SEVERE]: Timed out receiving message from renderer: 0.100
[1588151213.880][SEVERE]: Timed out receiving message from renderer: 0.100
[1588151213.983][SEVERE]: Timed out receiving message from renderer: 0.100
[1588151214.085][SEVERE]: Timed out receiving message from renderer: 0.100
[1588151214.187][SEVERE]: Timed out receiving message from renderer: 0.100
[1588151214.291][SEVERE]: Timed out receiving message from renderer: 0.100
[1588151214.394][SEVERE]: Timed out receiving message from renderer: 0.100
[1588151214.496][SEVERE]: Timed out receiving message from renderer: 0.100
[1588151214.599][SEVERE]: Timed out receiving message from renderer: 0.100
[1588151214.700][SEVERE]: Timed out receiving message from renderer: 0.100
[1588151214.803][SEVERE]: Timed out receiving message from renderer: 0.100
[1588151214.905][SEVERE]: Timed out receiving message from renderer: 0.100
[1588151215.008][SEVERE]: Timed out receiving message from renderer: 0.100
[1588151215.111][SEVERE]: Timed out receiving message from renderer: 0.100
[1588151215.216][SEVERE]: Timed out receiving message from renderer: 0.100
[1588151215.318][SEVERE]: Timed out receiving message from renderer: 0.100
[1588151215.421][SEVERE]: Timed out receiving message from renderer: 0.100
[1588151215.525][SEVERE]: Timed out receiving message from renderer: 0.100
[1588151215.628][SEVERE]: Timed out receiving message from renderer: 0.100
[1588151215.731][SEVERE]: Timed out receiving message from renderer: 0.100
[1588151215.834][SEVERE]: Timed out receiving message from renderer: 0.100
[1588151215.936][SEVERE]: Timed out receiving message from renderer: 0.100
[1588151216.038][SEVERE]: Timed out receiving message from renderer: 0.100
[1588151216.142][SEVERE]: Timed out receiving message from renderer: 0.100
[1588151216.244][SEVERE]: Timed out receiving message from renderer: 0.100
[1588151216.346][SEVERE]: Timed out receiving message from renderer: 0.100
[1588151216.449][SEVERE]: Timed out receiving message from renderer: 0.100
[1588151216.551][SEVERE]: Timed out receiving message from renderer: 0.100
[1588151216.653][SEVERE]: Timed out receiving message from renderer: 0.100
[1588151216.755][SEVERE]: Timed out receiving message from renderer: 0.100
[1588151216.856][SEVERE]: Timed out receiving message from renderer: 0.100
[1588151216.958][SEVERE]: Timed out receiving message from renderer: 0.100
[1588151217.059][SEVERE]: Timed out receiving message from renderer: 0.100
[1588151217.161][SEVERE]: Timed out receiving message from renderer: 0.100
[1588151217.263][SEVERE]: Timed out receiving message from renderer: 0.100
[1588151217.365][SEVERE]: Timed out receiving message from renderer: 0.100
[1588151217.468][SEVERE]: Timed out receiving message from renderer: 0.100
[1588151217.571][SEVERE]: Timed out receiving message from renderer: 0.100
[1588151217.674][SEVERE]: Timed out receiving message from renderer: 0.100
[1588151217.777][SEVERE]: Timed out receiving message from renderer: 0.100
[1588151217.879][SEVERE]: Timed out receiving message from renderer: 0.100
[1588151217.980][SEVERE]: Timed out receiving message from renderer: 0.100
[1588151218.083][SEVERE]: Timed out receiving message from renderer: 0.100
[1588151218.185][SEVERE]: Timed out receiving message from renderer: 0.100
[1588151218.287][SEVERE]: Timed out receiving message from renderer: 0.100
[1588151218.390][SEVERE]: Timed out receiving message from renderer: 0.100
[1588151218.492][SEVERE]: Timed out receiving message from renderer: 0.100
[1588151218.594][SEVERE]: Timed out receiving message from renderer: 0.100
[1588151218.696][SEVERE]: Timed out receiving message from renderer: 0.100
[1588151218.799][SEVERE]: Timed out receiving message from renderer: 0.100
[1588151218.900][SEVERE]: Timed out receiving message from renderer: 0.100
[1588151219.010][SEVERE]: Timed out receiving message from renderer: 0.100
[1588151219.111][SEVERE]: Timed out receiving message from renderer: 0.100
[1588151219.213][SEVERE]: Timed out receiving message from renderer: 0.100
[1588151219.314][SEVERE]: Timed out receiving message from renderer: 0.100
[1588151219.416][SEVERE]: Timed out receiving message from renderer: 0.100
[1588151219.519][SEVERE]: Timed out receiving message from renderer: 0.100
[1588151219.621][SEVERE]: Timed out receiving message from renderer: 0.100
[1588151219.725][SEVERE]: Timed out receiving message from renderer: 0.100
[1588151219.827][SEVERE]: Timed out receiving message from renderer: 0.100
[1588151219.929][SEVERE]: Timed out receiving message from renderer: 0.100
[1588151220.031][SEVERE]: Timed out receiving message from renderer: 0.100
[1588151220.133][SEVERE]: Timed out receiving message from renderer: 0.100
[1588151220.235][SEVERE]: Timed out receiving message from renderer: 0.100
[1588151220.337][SEVERE]: Timed out receiving message from renderer: 0.100
[1588151220.442][SEVERE]: Timed out receiving message from renderer: 0.100
[1588151220.545][SEVERE]: Timed out receiving message from renderer: 0.100
[1588151220.647][SEVERE]: Timed out receiving message from renderer: 0.100
[1588151220.749][SEVERE]: Timed out receiving message from renderer: 0.100
[1588151220.851][SEVERE]: Timed out receiving message from renderer: 0.100
[1588151220.955][SEVERE]: Timed out receiving message from renderer: 0.100
[1588151221.058][SEVERE]: Timed out receiving message from renderer: 0.100
[1588151221.160][SEVERE]: Timed out receiving message from renderer: 0.100
[1588151221.263][SEVERE]: Timed out receiving message from renderer: 0.100
[1588151221.365][SEVERE]: Timed out receiving message from renderer: 0.100
[1588151221.468][SEVERE]: Timed out receiving message from renderer: 0.100
[1588151221.571][SEVERE]: Timed out receiving message from renderer: 0.100
[1588151221.673][SEVERE]: Timed out receiving message from renderer: 0.100
[1588151221.774][SEVERE]: Timed out receiving message from renderer: 0.100
[1588151221.875][SEVERE]: Timed out receiving message from renderer: 0.100
[1588151221.978][SEVERE]: Timed out receiving message from renderer: 0.100
[1588151222.081][SEVERE]: Timed out receiving message from renderer: 0.100
[1588151222.184][SEVERE]: Timed out receiving message from renderer: 0.100
[1588151222.285][SEVERE]: Timed out receiving message from renderer: 0.100
[1588151222.387][SEVERE]: Timed out receiving message from renderer: 0.100
[1588151222.492][SEVERE]: Timed out receiving message from renderer: 0.100
[1588151222.593][SEVERE]: Timed out receiving message from renderer: 0.100
[1588151222.698][SEVERE]: Timed out receiving message from renderer: 0.100
[1588151222.799][SEVERE]: Timed out receiving message from renderer: 0.100
[1588151222.900][SEVERE]: Timed out receiving message from renderer: 0.100
[1588151223.002][SEVERE]: Timed out receiving message from renderer: 0.100
]]></system-err>
</testsuite>
